{"D:\\Projects\\deep\\src\\entities\\inventory.ts": {"path":"D:\\Projects\\deep\\src\\entities\\inventory.ts","statementMap":{"0":{"start":{"line":1,"column":0},"end":{"line":1,"column":null}},"1":{"start":{"line":8,"column":0},"end":{"line":21,"column":null}},"2":{"start":{"line":10,"column":2},"end":{"line":10,"column":null}},"3":{"start":{"line":13,"column":2},"end":{"line":13,"column":null}},"4":{"start":{"line":16,"column":2},"end":{"line":16,"column":null}},"5":{"start":{"line":19,"column":2},"end":{"line":19,"column":null}},"6":{"start":{"line":8,"column":13},"end":{"line":21,"column":null}},"7":{"start":{"line":8,"column":13},"end":{"line":8,"column":22}}},"fnMap":{},"branchMap":{},"s":{"0":2,"1":2,"2":2,"3":2,"4":2,"5":2,"6":2,"7":2},"f":{},"b":{}}
,"D:\\Projects\\deep\\src\\migrations\\1637168916212-CreateInventoryTable.ts": {"path":"D:\\Projects\\deep\\src\\migrations\\1637168916212-CreateInventoryTable.ts","statementMap":{"0":{"start":{"line":1,"column":0},"end":{"line":1,"column":65}},"1":{"start":{"line":6,"column":8},"end":{"line":32,"column":18}},"2":{"start":{"line":3,"column":0},"end":{"line":3,"column":13}}},"fnMap":{"0":{"name":"(anonymous_7)","decl":{"start":{"line":5,"column":17},"end":{"line":5,"column":19}},"loc":{"start":{"line":5,"column":44},"end":{"line":33,"column":null}}},"1":{"name":"(anonymous_9)","decl":{"start":{"line":35,"column":17},"end":{"line":35,"column":21}},"loc":{"start":{"line":35,"column":46},"end":{"line":36,"column":null}}}},"branchMap":{},"s":{"0":2,"1":0,"2":2},"f":{"0":0,"1":0},"b":{}}
,"D:\\Projects\\deep\\src\\modules\\inventory\\controllers\\controllers.ts": {"path":"D:\\Projects\\deep\\src\\modules\\inventory\\controllers\\controllers.ts","statementMap":{"0":{"start":{"line":2,"column":0},"end":{"line":2,"column":57}},"1":{"start":{"line":3,"column":0},"end":{"line":3,"column":77}},"2":{"start":{"line":5,"column":28},"end":{"line":21,"column":null}},"3":{"start":{"line":5,"column":66},"end":{"line":21,"column":null}},"4":{"start":{"line":6,"column":4},"end":{"line":20,"column":null}},"5":{"start":{"line":7,"column":57},"end":{"line":7,"column":89}},"6":{"start":{"line":8,"column":33},"end":{"line":8,"column":65}},"7":{"start":{"line":9,"column":8},"end":{"line":11,"column":null}},"8":{"start":{"line":10,"column":12},"end":{"line":10,"column":115}},"9":{"start":{"line":12,"column":18},"end":{"line":14,"column":null}},"10":{"start":{"line":16,"column":8},"end":{"line":16,"column":50}},"11":{"start":{"line":17,"column":8},"end":{"line":17,"column":40}},"12":{"start":{"line":19,"column":8},"end":{"line":19,"column":77}},"13":{"start":{"line":5,"column":13},"end":{"line":5,"column":28}},"14":{"start":{"line":23,"column":29},"end":{"line":37,"column":null}},"15":{"start":{"line":23,"column":67},"end":{"line":37,"column":null}},"16":{"start":{"line":24,"column":4},"end":{"line":36,"column":null}},"17":{"start":{"line":25,"column":57},"end":{"line":25,"column":89}},"18":{"start":{"line":26,"column":33},"end":{"line":26,"column":66}},"19":{"start":{"line":27,"column":8},"end":{"line":29,"column":null}},"20":{"start":{"line":28,"column":12},"end":{"line":28,"column":115}},"21":{"start":{"line":30,"column":25},"end":{"line":30,"column":35}},"22":{"start":{"line":31,"column":29},"end":{"line":31,"column":34}},"23":{"start":{"line":32,"column":8},"end":{"line":32,"column":61}},"24":{"start":{"line":33,"column":8},"end":{"line":33,"column":40}},"25":{"start":{"line":35,"column":8},"end":{"line":35,"column":77}},"26":{"start":{"line":23,"column":13},"end":{"line":23,"column":29}},"27":{"start":{"line":39,"column":28},"end":{"line":51,"column":2}},"28":{"start":{"line":39,"column":66},"end":{"line":51,"column":2}},"29":{"start":{"line":40,"column":4},"end":{"line":50,"column":null}},"30":{"start":{"line":41,"column":33},"end":{"line":41,"column":65}},"31":{"start":{"line":42,"column":8},"end":{"line":44,"column":null}},"32":{"start":{"line":43,"column":12},"end":{"line":43,"column":81}},"33":{"start":{"line":45,"column":25},"end":{"line":45,"column":30}},"34":{"start":{"line":46,"column":26},"end":{"line":46,"column":67}},"35":{"start":{"line":47,"column":8},"end":{"line":47,"column":47}},"36":{"start":{"line":49,"column":8},"end":{"line":49,"column":77}},"37":{"start":{"line":39,"column":13},"end":{"line":39,"column":28}}},"fnMap":{"0":{"name":"(anonymous_13)","decl":{"start":{"line":5,"column":28},"end":{"line":5,"column":35}},"loc":{"start":{"line":5,"column":66},"end":{"line":21,"column":null}}},"1":{"name":"(anonymous_14)","decl":{"start":{"line":5,"column":66},"end":{"line":5,"column":null}},"loc":{"start":{"line":5,"column":66},"end":{"line":21,"column":1}}},"2":{"name":"(anonymous_15)","decl":{"start":{"line":23,"column":29},"end":{"line":23,"column":36}},"loc":{"start":{"line":23,"column":67},"end":{"line":37,"column":null}}},"3":{"name":"(anonymous_16)","decl":{"start":{"line":23,"column":67},"end":{"line":23,"column":null}},"loc":{"start":{"line":23,"column":67},"end":{"line":37,"column":1}}},"4":{"name":"(anonymous_17)","decl":{"start":{"line":39,"column":28},"end":{"line":39,"column":35}},"loc":{"start":{"line":39,"column":66},"end":{"line":51,"column":2}}},"5":{"name":"(anonymous_18)","decl":{"start":{"line":39,"column":66},"end":{"line":39,"column":null}},"loc":{"start":{"line":39,"column":66},"end":{"line":51,"column":1}}}},"branchMap":{"0":{"loc":{"start":{"line":9,"column":8},"end":{"line":11,"column":null}},"type":"if","locations":[{"start":{"line":9,"column":8},"end":{"line":11,"column":null}}]},"1":{"loc":{"start":{"line":9,"column":12},"end":{"line":9,"column":31}},"type":"binary-expr","locations":[{"start":{"line":9,"column":12},"end":{"line":9,"column":22}},{"start":{"line":9,"column":26},"end":{"line":9,"column":31}}]},"2":{"loc":{"start":{"line":10,"column":64},"end":{"line":10,"column":111}},"type":"cond-expr","locations":[{"start":{"line":10,"column":77},"end":{"line":10,"column":95}},{"start":{"line":10,"column":98},"end":{"line":10,"column":111}}]},"3":{"loc":{"start":{"line":27,"column":8},"end":{"line":29,"column":null}},"type":"if","locations":[{"start":{"line":27,"column":8},"end":{"line":29,"column":null}}]},"4":{"loc":{"start":{"line":27,"column":12},"end":{"line":27,"column":31}},"type":"binary-expr","locations":[{"start":{"line":27,"column":12},"end":{"line":27,"column":22}},{"start":{"line":27,"column":26},"end":{"line":27,"column":31}}]},"5":{"loc":{"start":{"line":28,"column":64},"end":{"line":28,"column":111}},"type":"cond-expr","locations":[{"start":{"line":28,"column":77},"end":{"line":28,"column":95}},{"start":{"line":28,"column":98},"end":{"line":28,"column":111}}]},"6":{"loc":{"start":{"line":42,"column":8},"end":{"line":44,"column":null}},"type":"if","locations":[{"start":{"line":42,"column":8},"end":{"line":44,"column":null}}]}},"s":{"0":1,"1":1,"2":1,"3":2,"4":2,"5":2,"6":2,"7":2,"8":1,"9":1,"10":1,"11":1,"12":0,"13":1,"14":1,"15":2,"16":2,"17":2,"18":2,"19":2,"20":1,"21":1,"22":1,"23":1,"24":1,"25":0,"26":1,"27":1,"28":2,"29":2,"30":2,"31":2,"32":0,"33":2,"34":2,"35":2,"36":0,"37":1},"f":{"0":2,"1":2,"2":2,"3":2,"4":2,"5":2},"b":{"0":[1],"1":[2,2],"2":[0,1],"3":[1],"4":[2,2],"5":[0,1],"6":[0]}}
,"D:\\Projects\\deep\\src\\modules\\inventory\\repositories\\repositories.ts": {"path":"D:\\Projects\\deep\\src\\modules\\inventory\\repositories\\repositories.ts","statementMap":{"0":{"start":{"line":1,"column":0},"end":{"line":1,"column":72}},"1":{"start":{"line":2,"column":0},"end":{"line":2,"column":56}},"2":{"start":{"line":6,"column":26},"end":{"line":6,"column":50}},"3":{"start":{"line":8,"column":8},"end":{"line":8,"column":44}},"4":{"start":{"line":9,"column":21},"end":{"line":9,"column":43}},"5":{"start":{"line":11,"column":8},"end":{"line":11,"column":36}},"6":{"start":{"line":16,"column":8},"end":{"line":16,"column":72}},"7":{"start":{"line":16,"column":30},"end":{"line":16,"column":72}},"8":{"start":{"line":18,"column":26},"end":{"line":18,"column":50}},"9":{"start":{"line":19,"column":8},"end":{"line":23,"column":23}},"10":{"start":{"line":27,"column":26},"end":{"line":27,"column":50}},"11":{"start":{"line":28,"column":8},"end":{"line":28,"column":40}},"12":{"start":{"line":32,"column":26},"end":{"line":32,"column":50}},"13":{"start":{"line":33,"column":24},"end":{"line":33,"column":34}},"14":{"start":{"line":34,"column":22},"end":{"line":34,"column":124}},"15":{"start":{"line":35,"column":8},"end":{"line":35,"column":21}},"16":{"start":{"line":40,"column":26},"end":{"line":40,"column":50}},"17":{"start":{"line":41,"column":8},"end":{"line":41,"column":60}},"18":{"start":{"line":4,"column":0},"end":{"line":4,"column":13}}},"fnMap":{"0":{"name":"(anonymous_7)","decl":{"start":{"line":5,"column":10},"end":{"line":5,"column":17}},"loc":{"start":{"line":5,"column":73},"end":{"line":12,"column":null}}},"1":{"name":"(anonymous_9)","decl":{"start":{"line":15,"column":10},"end":{"line":15,"column":28}},"loc":{"start":{"line":15,"column":81},"end":{"line":24,"column":null}}},"2":{"name":"(anonymous_11)","decl":{"start":{"line":26,"column":10},"end":{"line":26,"column":20}},"loc":{"start":{"line":26,"column":37},"end":{"line":29,"column":null}}},"3":{"name":"(anonymous_13)","decl":{"start":{"line":31,"column":10},"end":{"line":31,"column":19}},"loc":{"start":{"line":31,"column":32},"end":{"line":37,"column":null}}},"4":{"name":"(anonymous_15)","decl":{"start":{"line":39,"column":10},"end":{"line":39,"column":22}},"loc":{"start":{"line":39,"column":33},"end":{"line":42,"column":null}}}},"branchMap":{"0":{"loc":{"start":{"line":16,"column":8},"end":{"line":16,"column":72}},"type":"if","locations":[{"start":{"line":16,"column":8},"end":{"line":16,"column":72}}]},"1":{"loc":{"start":{"line":16,"column":12},"end":{"line":16,"column":28}},"type":"binary-expr","locations":[{"start":{"line":16,"column":12},"end":{"line":16,"column":15}},{"start":{"line":16,"column":19},"end":{"line":16,"column":28}}]}},"s":{"0":2,"1":2,"2":2,"3":2,"4":2,"5":2,"6":1,"7":0,"8":1,"9":1,"10":1,"11":1,"12":8,"13":8,"14":8,"15":8,"16":1,"17":1,"18":2},"f":{"0":2,"1":1,"2":1,"3":8,"4":1},"b":{"0":[0],"1":[1,1]}}
,"D:\\Projects\\deep\\src\\modules\\inventory\\routes\\index.ts": {"path":"D:\\Projects\\deep\\src\\modules\\inventory\\routes\\index.ts","statementMap":{"0":{"start":{"line":1,"column":0},"end":{"line":1,"column":33}},"1":{"start":{"line":2,"column":0},"end":{"line":2,"column":66}},"2":{"start":{"line":4,"column":15},"end":{"line":4,"column":23}},"3":{"start":{"line":6,"column":0},"end":{"line":6,"column":64}},"4":{"start":{"line":7,"column":0},"end":{"line":7,"column":60}},"5":{"start":{"line":8,"column":0},"end":{"line":8,"column":62}},"6":{"start":{"line":10,"column":0},"end":{"line":10,"column":22}}},"fnMap":{},"branchMap":{},"s":{"0":1,"1":1,"2":1,"3":1,"4":1,"5":1,"6":1},"f":{},"b":{}}
,"D:\\Projects\\deep\\src\\modules\\inventory\\services\\services.ts": {"path":"D:\\Projects\\deep\\src\\modules\\inventory\\services\\services.ts","statementMap":{"0":{"start":{"line":1,"column":0},"end":{"line":1,"column":66}},"1":{"start":{"line":7,"column":28},"end":{"line":7,"column":53}},"2":{"start":{"line":9,"column":28},"end":{"line":11,"column":null}},"3":{"start":{"line":9,"column":94},"end":{"line":11,"column":null}},"4":{"start":{"line":10,"column":4},"end":{"line":10,"column":45}},"5":{"start":{"line":9,"column":13},"end":{"line":9,"column":28}},"6":{"start":{"line":13,"column":29},"end":{"line":50,"column":null}},"7":{"start":{"line":13,"column":74},"end":{"line":50,"column":null}},"8":{"start":{"line":15,"column":17},"end":{"line":15,"column":62}},"9":{"start":{"line":16,"column":4},"end":{"line":48,"column":null}},"10":{"start":{"line":17,"column":22},"end":{"line":22,"column":31}},"11":{"start":{"line":18,"column":12},"end":{"line":20,"column":null}},"12":{"start":{"line":23,"column":8},"end":{"line":45,"column":null}},"13":{"start":{"line":24,"column":20},"end":{"line":24,"column":21}},"14":{"start":{"line":24,"column":30},"end":{"line":24,"column":38}},"15":{"start":{"line":25,"column":25},"end":{"line":25,"column":27}},"16":{"start":{"line":25,"column":78},"end":{"line":25,"column":80}},"17":{"start":{"line":26,"column":12},"end":{"line":36,"column":null}},"18":{"start":{"line":27,"column":16},"end":{"line":35,"column":null}},"19":{"start":{"line":28,"column":20},"end":{"line":28,"column":47}},"20":{"start":{"line":29,"column":20},"end":{"line":29,"column":66}},"21":{"start":{"line":30,"column":20},"end":{"line":30,"column":26}},"22":{"start":{"line":32,"column":20},"end":{"line":32,"column":45}},"23":{"start":{"line":33,"column":20},"end":{"line":33,"column":44}},"24":{"start":{"line":34,"column":20},"end":{"line":34,"column":24}},"25":{"start":{"line":37,"column":12},"end":{"line":39,"column":null}},"26":{"start":{"line":38,"column":16},"end":{"line":38,"column":61}},"27":{"start":{"line":40,"column":12},"end":{"line":42,"column":null}},"28":{"start":{"line":41,"column":16},"end":{"line":41,"column":73}},"29":{"start":{"line":44,"column":12},"end":{"line":44,"column":51}},"30":{"start":{"line":47,"column":8},"end":{"line":47,"column":42}},"31":{"start":{"line":49,"column":4},"end":{"line":49,"column":16}},"32":{"start":{"line":13,"column":13},"end":{"line":13,"column":29}},"33":{"start":{"line":53,"column":28},"end":{"line":69,"column":null}},"34":{"start":{"line":53,"column":51},"end":{"line":69,"column":null}},"35":{"start":{"line":54,"column":21},"end":{"line":54,"column":62}},"36":{"start":{"line":55,"column":4},"end":{"line":60,"column":6}},"37":{"start":{"line":56,"column":8},"end":{"line":59,"column":10}},"38":{"start":{"line":62,"column":18},"end":{"line":67,"column":6}},"39":{"start":{"line":63,"column":8},"end":{"line":65,"column":null}},"40":{"start":{"line":68,"column":4},"end":{"line":68,"column":85}},"41":{"start":{"line":53,"column":13},"end":{"line":53,"column":28}},"42":{"start":{"line":71,"column":34},"end":{"line":74,"column":null}},"43":{"start":{"line":71,"column":45},"end":{"line":74,"column":null}},"44":{"start":{"line":72,"column":17},"end":{"line":72,"column":27}},"45":{"start":{"line":73,"column":4},"end":{"line":73,"column":50}},"46":{"start":{"line":71,"column":13},"end":{"line":71,"column":34}}},"fnMap":{"0":{"name":"(anonymous_7)","decl":{"start":{"line":9,"column":28},"end":{"line":9,"column":35}},"loc":{"start":{"line":9,"column":94},"end":{"line":11,"column":null}}},"1":{"name":"(anonymous_8)","decl":{"start":{"line":9,"column":94},"end":{"line":9,"column":null}},"loc":{"start":{"line":9,"column":94},"end":{"line":11,"column":1}}},"2":{"name":"(anonymous_9)","decl":{"start":{"line":13,"column":29},"end":{"line":13,"column":36}},"loc":{"start":{"line":13,"column":74},"end":{"line":50,"column":null}}},"3":{"name":"(anonymous_10)","decl":{"start":{"line":13,"column":74},"end":{"line":13,"column":null}},"loc":{"start":{"line":13,"column":74},"end":{"line":50,"column":1}}},"4":{"name":"(anonymous_11)","decl":{"start":{"line":17,"column":34},"end":{"line":17,"column":35}},"loc":{"start":{"line":17,"column":47},"end":{"line":22,"column":9}}},"5":{"name":"(anonymous_12)","decl":{"start":{"line":53,"column":28},"end":{"line":53,"column":35}},"loc":{"start":{"line":53,"column":51},"end":{"line":69,"column":null}}},"6":{"name":"(anonymous_13)","decl":{"start":{"line":53,"column":51},"end":{"line":53,"column":null}},"loc":{"start":{"line":53,"column":51},"end":{"line":69,"column":1}}},"7":{"name":"(anonymous_14)","decl":{"start":{"line":62,"column":34},"end":{"line":62,"column":35}},"loc":{"start":{"line":62,"column":47},"end":{"line":67,"column":5}}},"8":{"name":"(anonymous_15)","decl":{"start":{"line":71,"column":34},"end":{"line":71,"column":43}},"loc":{"start":{"line":71,"column":45},"end":{"line":74,"column":null}}},"9":{"name":"(anonymous_16)","decl":{"start":{"line":71,"column":45},"end":{"line":71,"column":null}},"loc":{"start":{"line":71,"column":45},"end":{"line":74,"column":1}}}},"branchMap":{"0":{"loc":{"start":{"line":16,"column":4},"end":{"line":48,"column":null}},"type":"if","locations":[{"start":{"line":16,"column":4},"end":{"line":48,"column":null}},{"start":{"line":46,"column":11},"end":{"line":48,"column":null}}]},"1":{"loc":{"start":{"line":23,"column":8},"end":{"line":45,"column":null}},"type":"if","locations":[{"start":{"line":23,"column":8},"end":{"line":45,"column":null}},{"start":{"line":43,"column":15},"end":{"line":45,"column":null}}]},"2":{"loc":{"start":{"line":27,"column":16},"end":{"line":35,"column":null}},"type":"if","locations":[{"start":{"line":27,"column":16},"end":{"line":35,"column":null}},{"start":{"line":31,"column":23},"end":{"line":35,"column":null}}]},"3":{"loc":{"start":{"line":37,"column":12},"end":{"line":39,"column":null}},"type":"if","locations":[{"start":{"line":37,"column":12},"end":{"line":39,"column":null}}]},"4":{"loc":{"start":{"line":40,"column":12},"end":{"line":42,"column":null}},"type":"if","locations":[{"start":{"line":40,"column":12},"end":{"line":42,"column":null}}]},"5":{"loc":{"start":{"line":40,"column":16},"end":{"line":40,"column":52}},"type":"binary-expr","locations":[{"start":{"line":40,"column":16},"end":{"line":40,"column":29}},{"start":{"line":40,"column":33},"end":{"line":40,"column":52}}]},"6":{"loc":{"start":{"line":55,"column":4},"end":{"line":60,"column":6}},"type":"if","locations":[{"start":{"line":55,"column":4},"end":{"line":60,"column":6}}]}},"s":{"0":2,"1":2,"2":2,"3":2,"4":2,"5":2,"6":2,"7":4,"8":4,"9":4,"10":3,"11":0,"12":3,"13":2,"14":2,"15":2,"16":2,"17":2,"18":2,"19":1,"20":1,"21":1,"22":1,"23":1,"24":1,"25":2,"26":1,"27":2,"28":1,"29":1,"30":1,"31":2,"32":2,"33":2,"34":4,"35":4,"36":4,"37":2,"38":2,"39":0,"40":2,"41":2,"42":2,"43":1,"44":1,"45":1,"46":2},"f":{"0":2,"1":2,"2":4,"3":4,"4":0,"5":4,"6":4,"7":0,"8":1,"9":1},"b":{"0":[3,1],"1":[2,1],"2":[1,1],"3":[1],"4":[1],"5":[2,1],"6":[2]}}
,"D:\\Projects\\deep\\src\\modules\\inventory\\spec\\schemas.ts": {"path":"D:\\Projects\\deep\\src\\modules\\inventory\\spec\\schemas.ts","statementMap":{"0":{"start":{"line":1,"column":0},"end":{"line":1,"column":22}},"1":{"start":{"line":3,"column":13},"end":{"line":5,"column":null}},"2":{"start":{"line":7,"column":13},"end":{"line":10,"column":null}},"3":{"start":{"line":12,"column":13},"end":{"line":14,"column":null}}},"fnMap":{},"branchMap":{},"s":{"0":1,"1":1,"2":1,"3":1},"f":{},"b":{}}
,"D:\\Projects\\deep\\src\\tests\\mockConnection.ts": {"path":"D:\\Projects\\deep\\src\\tests\\mockConnection.ts","statementMap":{"0":{"start":{"line":1,"column":0},"end":{"line":1,"column":24}},"1":{"start":{"line":2,"column":0},"end":{"line":2,"column":58}},"2":{"start":{"line":4,"column":23},"end":{"line":42,"column":2}},"3":{"start":{"line":6,"column":25},"end":{"line":6,"column":67}},"4":{"start":{"line":7,"column":27},"end":{"line":7,"column":71}},"5":{"start":{"line":8,"column":8},"end":{"line":26,"column":11}},"6":{"start":{"line":30,"column":8},"end":{"line":30,"column":47}},"7":{"start":{"line":34,"column":27},"end":{"line":34,"column":51}},"8":{"start":{"line":35,"column":25},"end":{"line":35,"column":51}},"9":{"start":{"line":37,"column":8},"end":{"line":40,"column":12}},"10":{"start":{"line":37,"column":56},"end":{"line":40,"column":10}},"11":{"start":{"line":38,"column":31},"end":{"line":38,"column":68}},"12":{"start":{"line":39,"column":12},"end":{"line":39,"column":70}},"13":{"start":{"line":44,"column":0},"end":{"line":44,"column":30}}},"fnMap":{"0":{"name":"(anonymous_8)","decl":{"start":{"line":5,"column":10},"end":{"line":5,"column":16}},"loc":{"start":{"line":5,"column":16},"end":{"line":27,"column":null}}},"1":{"name":"(anonymous_10)","decl":{"start":{"line":29,"column":10},"end":{"line":29,"column":15}},"loc":{"start":{"line":29,"column":15},"end":{"line":31,"column":null}}},"2":{"name":"(anonymous_12)","decl":{"start":{"line":33,"column":10},"end":{"line":33,"column":15}},"loc":{"start":{"line":33,"column":15},"end":{"line":41,"column":null}}},"3":{"name":"(anonymous_14)","decl":{"start":{"line":37,"column":39},"end":{"line":37,"column":46}},"loc":{"start":{"line":37,"column":56},"end":{"line":40,"column":10}}},"4":{"name":"(anonymous_15)","decl":{"start":{"line":37,"column":56},"end":{"line":37,"column":null}},"loc":{"start":{"line":37,"column":56},"end":{"line":40,"column":9}}}},"branchMap":{},"s":{"0":2,"1":2,"2":2,"3":2,"4":2,"5":2,"6":2,"7":2,"8":2,"9":2,"10":2,"11":2,"12":2,"13":2},"f":{"0":2,"1":2,"2":2,"3":2,"4":2},"b":{}}
}
