{"D:\\Projects\\deep\\src\\entities\\inventory.ts": {"path":"D:\\Projects\\deep\\src\\entities\\inventory.ts","statementMap":{"0":{"start":{"line":1,"column":0},"end":{"line":1,"column":65}},"1":{"start":{"line":4,"column":0},"end":{"line":16,"column":null}},"2":{"start":{"line":6,"column":2},"end":{"line":6,"column":null}},"3":{"start":{"line":9,"column":2},"end":{"line":9,"column":null}},"4":{"start":{"line":12,"column":2},"end":{"line":12,"column":null}},"5":{"start":{"line":15,"column":2},"end":{"line":15,"column":null}},"6":{"start":{"line":4,"column":13},"end":{"line":16,"column":null}},"7":{"start":{"line":4,"column":13},"end":{"line":4,"column":22}}},"fnMap":{},"branchMap":{},"s":{"0":2,"1":2,"2":2,"3":2,"4":2,"5":2,"6":2,"7":2},"f":{},"b":{}}
,"D:\\Projects\\deep\\src\\migrations\\1637168916212-CreateInventoryTable.ts": {"path":"D:\\Projects\\deep\\src\\migrations\\1637168916212-CreateInventoryTable.ts","statementMap":{"0":{"start":{"line":1,"column":0},"end":{"line":1,"column":65}},"1":{"start":{"line":5,"column":4},"end":{"line":34,"column":6}},"2":{"start":{"line":37,"column":62},"end":{"line":37,"column":null}},"3":{"start":{"line":3,"column":0},"end":{"line":3,"column":13}}},"fnMap":{"0":{"name":"(anonymous_7)","decl":{"start":{"line":4,"column":15},"end":{"line":4,"column":17}},"loc":{"start":{"line":4,"column":42},"end":{"line":35,"column":null}}},"1":{"name":"(anonymous_9)","decl":{"start":{"line":37,"column":15},"end":{"line":37,"column":19}},"loc":{"start":{"line":37,"column":44},"end":{"line":37,"column":null}}},"2":{"name":"(anonymous_10)","decl":{"start":{"line":37,"column":62},"end":{"line":37,"column":63}},"loc":{"start":{"line":37,"column":62},"end":{"line":37,"column":63}}}},"branchMap":{},"s":{"0":2,"1":0,"2":0,"3":2},"f":{"0":0,"1":0,"2":0},"b":{}}
,"D:\\Projects\\deep\\src\\modules\\inventory\\controllers\\controllers.ts": {"path":"D:\\Projects\\deep\\src\\modules\\inventory\\controllers\\controllers.ts","statementMap":{"0":{"start":{"line":2,"column":0},"end":{"line":2,"column":57}},"1":{"start":{"line":3,"column":0},"end":{"line":3,"column":77}},"2":{"start":{"line":5,"column":28},"end":{"line":24,"column":2}},"3":{"start":{"line":5,"column":108},"end":{"line":24,"column":2}},"4":{"start":{"line":6,"column":2},"end":{"line":23,"column":null}},"5":{"start":{"line":7,"column":53},"end":{"line":7,"column":85}},"6":{"start":{"line":8,"column":29},"end":{"line":8,"column":61}},"7":{"start":{"line":9,"column":4},"end":{"line":14,"column":null}},"8":{"start":{"line":10,"column":6},"end":{"line":13,"column":9}},"9":{"start":{"line":15,"column":14},"end":{"line":17,"column":null}},"10":{"start":{"line":19,"column":4},"end":{"line":19,"column":46}},"11":{"start":{"line":20,"column":4},"end":{"line":20,"column":36}},"12":{"start":{"line":22,"column":4},"end":{"line":22,"column":73}},"13":{"start":{"line":5,"column":13},"end":{"line":5,"column":28}},"14":{"start":{"line":26,"column":29},"end":{"line":43,"column":2}},"15":{"start":{"line":26,"column":67},"end":{"line":43,"column":2}},"16":{"start":{"line":27,"column":2},"end":{"line":42,"column":null}},"17":{"start":{"line":28,"column":53},"end":{"line":28,"column":85}},"18":{"start":{"line":29,"column":29},"end":{"line":29,"column":62}},"19":{"start":{"line":30,"column":4},"end":{"line":35,"column":null}},"20":{"start":{"line":31,"column":6},"end":{"line":34,"column":9}},"21":{"start":{"line":36,"column":21},"end":{"line":36,"column":31}},"22":{"start":{"line":37,"column":25},"end":{"line":37,"column":30}},"23":{"start":{"line":38,"column":4},"end":{"line":38,"column":57}},"24":{"start":{"line":39,"column":4},"end":{"line":39,"column":36}},"25":{"start":{"line":41,"column":4},"end":{"line":41,"column":73}},"26":{"start":{"line":26,"column":13},"end":{"line":26,"column":29}},"27":{"start":{"line":45,"column":28},"end":{"line":57,"column":2}},"28":{"start":{"line":45,"column":66},"end":{"line":57,"column":2}},"29":{"start":{"line":46,"column":2},"end":{"line":56,"column":null}},"30":{"start":{"line":47,"column":29},"end":{"line":47,"column":61}},"31":{"start":{"line":48,"column":4},"end":{"line":50,"column":null}},"32":{"start":{"line":49,"column":6},"end":{"line":49,"column":75}},"33":{"start":{"line":51,"column":21},"end":{"line":51,"column":26}},"34":{"start":{"line":52,"column":22},"end":{"line":52,"column":63}},"35":{"start":{"line":53,"column":4},"end":{"line":53,"column":43}},"36":{"start":{"line":55,"column":4},"end":{"line":55,"column":73}},"37":{"start":{"line":45,"column":13},"end":{"line":45,"column":28}}},"fnMap":{"0":{"name":"(anonymous_13)","decl":{"start":{"line":5,"column":28},"end":{"line":5,"column":35}},"loc":{"start":{"line":5,"column":108},"end":{"line":24,"column":2}}},"1":{"name":"(anonymous_14)","decl":{"start":{"line":5,"column":108},"end":{"line":5,"column":null}},"loc":{"start":{"line":5,"column":108},"end":{"line":24,"column":1}}},"2":{"name":"(anonymous_15)","decl":{"start":{"line":26,"column":29},"end":{"line":26,"column":36}},"loc":{"start":{"line":26,"column":67},"end":{"line":43,"column":2}}},"3":{"name":"(anonymous_16)","decl":{"start":{"line":26,"column":67},"end":{"line":26,"column":null}},"loc":{"start":{"line":26,"column":67},"end":{"line":43,"column":1}}},"4":{"name":"(anonymous_17)","decl":{"start":{"line":45,"column":28},"end":{"line":45,"column":35}},"loc":{"start":{"line":45,"column":66},"end":{"line":57,"column":2}}},"5":{"name":"(anonymous_18)","decl":{"start":{"line":45,"column":66},"end":{"line":45,"column":null}},"loc":{"start":{"line":45,"column":66},"end":{"line":57,"column":1}}}},"branchMap":{"0":{"loc":{"start":{"line":9,"column":4},"end":{"line":14,"column":null}},"type":"if","locations":[{"start":{"line":9,"column":4},"end":{"line":14,"column":null}}]},"1":{"loc":{"start":{"line":9,"column":8},"end":{"line":9,"column":27}},"type":"binary-expr","locations":[{"start":{"line":9,"column":8},"end":{"line":9,"column":18}},{"start":{"line":9,"column":22},"end":{"line":9,"column":27}}]},"2":{"loc":{"start":{"line":12,"column":17},"end":{"line":12,"column":64}},"type":"cond-expr","locations":[{"start":{"line":12,"column":30},"end":{"line":12,"column":48}},{"start":{"line":12,"column":51},"end":{"line":12,"column":64}}]},"3":{"loc":{"start":{"line":30,"column":4},"end":{"line":35,"column":null}},"type":"if","locations":[{"start":{"line":30,"column":4},"end":{"line":35,"column":null}}]},"4":{"loc":{"start":{"line":30,"column":8},"end":{"line":30,"column":27}},"type":"binary-expr","locations":[{"start":{"line":30,"column":8},"end":{"line":30,"column":18}},{"start":{"line":30,"column":22},"end":{"line":30,"column":27}}]},"5":{"loc":{"start":{"line":33,"column":17},"end":{"line":33,"column":64}},"type":"cond-expr","locations":[{"start":{"line":33,"column":30},"end":{"line":33,"column":48}},{"start":{"line":33,"column":51},"end":{"line":33,"column":64}}]},"6":{"loc":{"start":{"line":48,"column":4},"end":{"line":50,"column":null}},"type":"if","locations":[{"start":{"line":48,"column":4},"end":{"line":50,"column":null}}]}},"s":{"0":1,"1":1,"2":1,"3":2,"4":2,"5":2,"6":2,"7":2,"8":1,"9":1,"10":1,"11":1,"12":0,"13":1,"14":1,"15":2,"16":2,"17":2,"18":2,"19":2,"20":1,"21":1,"22":1,"23":1,"24":1,"25":0,"26":1,"27":1,"28":2,"29":2,"30":2,"31":2,"32":0,"33":2,"34":2,"35":2,"36":0,"37":1},"f":{"0":2,"1":2,"2":2,"3":2,"4":2,"5":2},"b":{"0":[1],"1":[2,2],"2":[0,1],"3":[1],"4":[2,2],"5":[0,1],"6":[0]}}
,"D:\\Projects\\deep\\src\\modules\\inventory\\repositories\\repositories.ts": {"path":"D:\\Projects\\deep\\src\\modules\\inventory\\repositories\\repositories.ts","statementMap":{"0":{"start":{"line":1,"column":0},"end":{"line":1,"column":72}},"1":{"start":{"line":2,"column":0},"end":{"line":2,"column":56}},"2":{"start":{"line":6,"column":22},"end":{"line":6,"column":46}},"3":{"start":{"line":8,"column":4},"end":{"line":8,"column":40}},"4":{"start":{"line":9,"column":17},"end":{"line":9,"column":39}},"5":{"start":{"line":11,"column":4},"end":{"line":11,"column":32}},"6":{"start":{"line":15,"column":4},"end":{"line":15,"column":68}},"7":{"start":{"line":15,"column":26},"end":{"line":15,"column":68}},"8":{"start":{"line":17,"column":22},"end":{"line":17,"column":46}},"9":{"start":{"line":18,"column":4},"end":{"line":18,"column":114}},"10":{"start":{"line":22,"column":22},"end":{"line":22,"column":46}},"11":{"start":{"line":23,"column":4},"end":{"line":23,"column":36}},"12":{"start":{"line":27,"column":22},"end":{"line":27,"column":46}},"13":{"start":{"line":28,"column":20},"end":{"line":28,"column":30}},"14":{"start":{"line":29,"column":18},"end":{"line":32,"column":6}},"15":{"start":{"line":33,"column":4},"end":{"line":33,"column":17}},"16":{"start":{"line":37,"column":22},"end":{"line":37,"column":46}},"17":{"start":{"line":38,"column":4},"end":{"line":38,"column":56}},"18":{"start":{"line":4,"column":0},"end":{"line":4,"column":13}}},"fnMap":{"0":{"name":"(anonymous_7)","decl":{"start":{"line":5,"column":8},"end":{"line":5,"column":15}},"loc":{"start":{"line":5,"column":70},"end":{"line":12,"column":null}}},"1":{"name":"(anonymous_9)","decl":{"start":{"line":14,"column":8},"end":{"line":14,"column":26}},"loc":{"start":{"line":14,"column":79},"end":{"line":19,"column":null}}},"2":{"name":"(anonymous_11)","decl":{"start":{"line":21,"column":8},"end":{"line":21,"column":18}},"loc":{"start":{"line":21,"column":35},"end":{"line":24,"column":null}}},"3":{"name":"(anonymous_13)","decl":{"start":{"line":26,"column":8},"end":{"line":26,"column":17}},"loc":{"start":{"line":26,"column":30},"end":{"line":34,"column":null}}},"4":{"name":"(anonymous_15)","decl":{"start":{"line":36,"column":8},"end":{"line":36,"column":20}},"loc":{"start":{"line":36,"column":31},"end":{"line":39,"column":null}}}},"branchMap":{"0":{"loc":{"start":{"line":15,"column":4},"end":{"line":15,"column":68}},"type":"if","locations":[{"start":{"line":15,"column":4},"end":{"line":15,"column":68}}]},"1":{"loc":{"start":{"line":15,"column":8},"end":{"line":15,"column":24}},"type":"binary-expr","locations":[{"start":{"line":15,"column":8},"end":{"line":15,"column":11}},{"start":{"line":15,"column":15},"end":{"line":15,"column":24}}]}},"s":{"0":2,"1":2,"2":2,"3":2,"4":2,"5":2,"6":1,"7":0,"8":1,"9":1,"10":1,"11":1,"12":8,"13":8,"14":8,"15":8,"16":1,"17":1,"18":2},"f":{"0":2,"1":1,"2":1,"3":8,"4":1},"b":{"0":[0],"1":[1,1]}}
,"D:\\Projects\\deep\\src\\modules\\inventory\\routes\\index.ts": {"path":"D:\\Projects\\deep\\src\\modules\\inventory\\routes\\index.ts","statementMap":{"0":{"start":{"line":1,"column":0},"end":{"line":1,"column":33}},"1":{"start":{"line":2,"column":0},"end":{"line":2,"column":66}},"2":{"start":{"line":4,"column":23},"end":{"line":4,"column":31}},"3":{"start":{"line":6,"column":0},"end":{"line":6,"column":64}},"4":{"start":{"line":7,"column":0},"end":{"line":7,"column":60}},"5":{"start":{"line":8,"column":0},"end":{"line":8,"column":62}},"6":{"start":{"line":10,"column":0},"end":{"line":10,"column":22}}},"fnMap":{},"branchMap":{},"s":{"0":1,"1":1,"2":1,"3":1,"4":1,"5":1,"6":1},"f":{},"b":{}}
,"D:\\Projects\\deep\\src\\modules\\inventory\\services\\services.ts": {"path":"D:\\Projects\\deep\\src\\modules\\inventory\\services\\services.ts","statementMap":{"0":{"start":{"line":1,"column":0},"end":{"line":1,"column":67}},"1":{"start":{"line":7,"column":28},"end":{"line":7,"column":53}},"2":{"start":{"line":9,"column":28},"end":{"line":11,"column":2}},"3":{"start":{"line":9,"column":93},"end":{"line":11,"column":2}},"4":{"start":{"line":10,"column":2},"end":{"line":10,"column":43}},"5":{"start":{"line":9,"column":13},"end":{"line":9,"column":28}},"6":{"start":{"line":13,"column":29},"end":{"line":52,"column":2}},"7":{"start":{"line":13,"column":74},"end":{"line":52,"column":2}},"8":{"start":{"line":14,"column":15},"end":{"line":14,"column":60}},"9":{"start":{"line":15,"column":2},"end":{"line":50,"column":null}},"10":{"start":{"line":17,"column":6},"end":{"line":22,"column":29}},"11":{"start":{"line":18,"column":8},"end":{"line":20,"column":null}},"12":{"start":{"line":23,"column":4},"end":{"line":47,"column":null}},"13":{"start":{"line":24,"column":14},"end":{"line":24,"column":15}},"14":{"start":{"line":25,"column":15},"end":{"line":25,"column":23}},"15":{"start":{"line":26,"column":19},"end":{"line":26,"column":21}},"16":{"start":{"line":27,"column":57},"end":{"line":27,"column":59}},"17":{"start":{"line":28,"column":6},"end":{"line":38,"column":null}},"18":{"start":{"line":29,"column":8},"end":{"line":37,"column":null}},"19":{"start":{"line":30,"column":10},"end":{"line":30,"column":37}},"20":{"start":{"line":31,"column":10},"end":{"line":31,"column":56}},"21":{"start":{"line":32,"column":10},"end":{"line":32,"column":16}},"22":{"start":{"line":34,"column":10},"end":{"line":34,"column":35}},"23":{"start":{"line":35,"column":10},"end":{"line":35,"column":34}},"24":{"start":{"line":36,"column":10},"end":{"line":36,"column":14}},"25":{"start":{"line":39,"column":6},"end":{"line":41,"column":null}},"26":{"start":{"line":40,"column":8},"end":{"line":40,"column":53}},"27":{"start":{"line":42,"column":6},"end":{"line":44,"column":null}},"28":{"start":{"line":43,"column":8},"end":{"line":43,"column":65}},"29":{"start":{"line":46,"column":6},"end":{"line":46,"column":45}},"30":{"start":{"line":49,"column":4},"end":{"line":49,"column":38}},"31":{"start":{"line":51,"column":2},"end":{"line":51,"column":14}},"32":{"start":{"line":13,"column":13},"end":{"line":13,"column":29}},"33":{"start":{"line":54,"column":28},"end":{"line":73,"column":2}},"34":{"start":{"line":54,"column":51},"end":{"line":73,"column":2}},"35":{"start":{"line":55,"column":19},"end":{"line":55,"column":60}},"36":{"start":{"line":56,"column":2},"end":{"line":61,"column":null}},"37":{"start":{"line":57,"column":4},"end":{"line":60,"column":6}},"38":{"start":{"line":63,"column":16},"end":{"line":68,"column":4}},"39":{"start":{"line":64,"column":4},"end":{"line":66,"column":null}},"40":{"start":{"line":69,"column":2},"end":{"line":72,"column":4}},"41":{"start":{"line":54,"column":13},"end":{"line":54,"column":28}},"42":{"start":{"line":75,"column":34},"end":{"line":78,"column":2}},"43":{"start":{"line":75,"column":45},"end":{"line":78,"column":2}},"44":{"start":{"line":76,"column":15},"end":{"line":76,"column":25}},"45":{"start":{"line":77,"column":2},"end":{"line":77,"column":48}},"46":{"start":{"line":75,"column":13},"end":{"line":75,"column":34}}},"fnMap":{"0":{"name":"(anonymous_7)","decl":{"start":{"line":9,"column":28},"end":{"line":9,"column":35}},"loc":{"start":{"line":9,"column":93},"end":{"line":11,"column":2}}},"1":{"name":"(anonymous_8)","decl":{"start":{"line":9,"column":93},"end":{"line":9,"column":null}},"loc":{"start":{"line":9,"column":93},"end":{"line":11,"column":1}}},"2":{"name":"(anonymous_9)","decl":{"start":{"line":13,"column":29},"end":{"line":13,"column":36}},"loc":{"start":{"line":13,"column":74},"end":{"line":52,"column":2}}},"3":{"name":"(anonymous_10)","decl":{"start":{"line":13,"column":74},"end":{"line":13,"column":null}},"loc":{"start":{"line":13,"column":74},"end":{"line":52,"column":1}}},"4":{"name":"(anonymous_11)","decl":{"start":{"line":17,"column":18},"end":{"line":17,"column":19}},"loc":{"start":{"line":17,"column":31},"end":{"line":22,"column":7}}},"5":{"name":"(anonymous_12)","decl":{"start":{"line":54,"column":28},"end":{"line":54,"column":35}},"loc":{"start":{"line":54,"column":51},"end":{"line":73,"column":2}}},"6":{"name":"(anonymous_13)","decl":{"start":{"line":54,"column":51},"end":{"line":54,"column":null}},"loc":{"start":{"line":54,"column":51},"end":{"line":73,"column":1}}},"7":{"name":"(anonymous_14)","decl":{"start":{"line":63,"column":32},"end":{"line":63,"column":33}},"loc":{"start":{"line":63,"column":45},"end":{"line":68,"column":3}}},"8":{"name":"(anonymous_15)","decl":{"start":{"line":75,"column":34},"end":{"line":75,"column":43}},"loc":{"start":{"line":75,"column":45},"end":{"line":78,"column":2}}},"9":{"name":"(anonymous_16)","decl":{"start":{"line":75,"column":45},"end":{"line":75,"column":null}},"loc":{"start":{"line":75,"column":45},"end":{"line":78,"column":1}}}},"branchMap":{"0":{"loc":{"start":{"line":15,"column":2},"end":{"line":50,"column":null}},"type":"if","locations":[{"start":{"line":15,"column":2},"end":{"line":50,"column":null}},{"start":{"line":48,"column":9},"end":{"line":50,"column":null}}]},"1":{"loc":{"start":{"line":23,"column":4},"end":{"line":47,"column":null}},"type":"if","locations":[{"start":{"line":23,"column":4},"end":{"line":47,"column":null}},{"start":{"line":45,"column":11},"end":{"line":47,"column":null}}]},"2":{"loc":{"start":{"line":29,"column":8},"end":{"line":37,"column":null}},"type":"if","locations":[{"start":{"line":29,"column":8},"end":{"line":37,"column":null}},{"start":{"line":33,"column":15},"end":{"line":37,"column":null}}]},"3":{"loc":{"start":{"line":39,"column":6},"end":{"line":41,"column":null}},"type":"if","locations":[{"start":{"line":39,"column":6},"end":{"line":41,"column":null}}]},"4":{"loc":{"start":{"line":42,"column":6},"end":{"line":44,"column":null}},"type":"if","locations":[{"start":{"line":42,"column":6},"end":{"line":44,"column":null}}]},"5":{"loc":{"start":{"line":42,"column":10},"end":{"line":42,"column":46}},"type":"binary-expr","locations":[{"start":{"line":42,"column":10},"end":{"line":42,"column":23}},{"start":{"line":42,"column":27},"end":{"line":42,"column":46}}]},"6":{"loc":{"start":{"line":56,"column":2},"end":{"line":61,"column":null}},"type":"if","locations":[{"start":{"line":56,"column":2},"end":{"line":61,"column":null}}]}},"s":{"0":2,"1":2,"2":2,"3":2,"4":2,"5":2,"6":2,"7":4,"8":4,"9":4,"10":3,"11":0,"12":3,"13":2,"14":2,"15":2,"16":2,"17":2,"18":2,"19":1,"20":1,"21":1,"22":1,"23":1,"24":1,"25":2,"26":1,"27":2,"28":1,"29":1,"30":1,"31":2,"32":2,"33":2,"34":4,"35":4,"36":4,"37":2,"38":2,"39":0,"40":2,"41":2,"42":2,"43":1,"44":1,"45":1,"46":2},"f":{"0":2,"1":2,"2":4,"3":4,"4":0,"5":4,"6":4,"7":0,"8":1,"9":1},"b":{"0":[3,1],"1":[2,1],"2":[1,1],"3":[1],"4":[1],"5":[2,1],"6":[2]}}
,"D:\\Projects\\deep\\src\\modules\\inventory\\spec\\schemas.ts": {"path":"D:\\Projects\\deep\\src\\modules\\inventory\\spec\\schemas.ts","statementMap":{"0":{"start":{"line":1,"column":0},"end":{"line":1,"column":22}},"1":{"start":{"line":3,"column":13},"end":{"line":7,"column":36}},"2":{"start":{"line":9,"column":13},"end":{"line":14,"column":36}},"3":{"start":{"line":16,"column":13},"end":{"line":20,"column":36}}},"fnMap":{},"branchMap":{},"s":{"0":1,"1":1,"2":1,"3":1},"f":{},"b":{}}
,"D:\\Projects\\deep\\src\\tests\\mockConnection.ts": {"path":"D:\\Projects\\deep\\src\\tests\\mockConnection.ts","statementMap":{"0":{"start":{"line":1,"column":0},"end":{"line":1,"column":24}},"1":{"start":{"line":2,"column":0},"end":{"line":2,"column":58}},"2":{"start":{"line":4,"column":23},"end":{"line":44,"column":2}},"3":{"start":{"line":6,"column":21},"end":{"line":6,"column":63}},"4":{"start":{"line":7,"column":23},"end":{"line":7,"column":67}},"5":{"start":{"line":8,"column":4},"end":{"line":26,"column":7}},"6":{"start":{"line":30,"column":4},"end":{"line":30,"column":43}},"7":{"start":{"line":34,"column":23},"end":{"line":34,"column":47}},"8":{"start":{"line":35,"column":21},"end":{"line":35,"column":47}},"9":{"start":{"line":37,"column":4},"end":{"line":42,"column":6}},"10":{"start":{"line":38,"column":36},"end":{"line":41,"column":8}},"11":{"start":{"line":39,"column":27},"end":{"line":39,"column":64}},"12":{"start":{"line":40,"column":8},"end":{"line":40,"column":66}},"13":{"start":{"line":46,"column":0},"end":{"line":46,"column":30}}},"fnMap":{"0":{"name":"(anonymous_8)","decl":{"start":{"line":5,"column":8},"end":{"line":5,"column":14}},"loc":{"start":{"line":5,"column":14},"end":{"line":27,"column":null}}},"1":{"name":"(anonymous_10)","decl":{"start":{"line":29,"column":8},"end":{"line":29,"column":13}},"loc":{"start":{"line":29,"column":13},"end":{"line":31,"column":null}}},"2":{"name":"(anonymous_12)","decl":{"start":{"line":33,"column":8},"end":{"line":33,"column":13}},"loc":{"start":{"line":33,"column":13},"end":{"line":43,"column":null}}},"3":{"name":"(anonymous_14)","decl":{"start":{"line":38,"column":19},"end":{"line":38,"column":26}},"loc":{"start":{"line":38,"column":36},"end":{"line":41,"column":8}}},"4":{"name":"(anonymous_15)","decl":{"start":{"line":38,"column":36},"end":{"line":38,"column":null}},"loc":{"start":{"line":38,"column":36},"end":{"line":41,"column":7}}}},"branchMap":{},"s":{"0":2,"1":2,"2":2,"3":2,"4":2,"5":2,"6":2,"7":2,"8":2,"9":2,"10":2,"11":2,"12":2,"13":2},"f":{"0":2,"1":2,"2":2,"3":2,"4":2},"b":{}}
}
