TN:
SF:src\entities\inventory.ts
FNF:0
FNH:0
DA:1,2
DA:4,2
DA:6,2
DA:9,2
DA:12,2
DA:15,2
LF:6
LH:6
BRF:0
BRH:0
end_of_record
TN:
SF:src\migrations\1637168916212-CreateInventoryTable.ts
FN:4,(anonymous_7)
FN:37,(anonymous_9)
FN:37,(anonymous_10)
FNF:3
FNH:0
FNDA:0,(anonymous_7)
FNDA:0,(anonymous_9)
FNDA:0,(anonymous_10)
DA:1,2
DA:3,2
DA:5,0
DA:37,0
LF:4
LH:2
BRF:0
BRH:0
end_of_record
TN:
SF:src\modules\inventory\controllers\controllers.ts
FN:5,(anonymous_13)
FN:5,(anonymous_14)
FN:26,(anonymous_15)
FN:26,(anonymous_16)
FN:45,(anonymous_17)
FN:45,(anonymous_18)
FNF:6
FNH:6
FNDA:2,(anonymous_13)
FNDA:2,(anonymous_14)
FNDA:2,(anonymous_15)
FNDA:2,(anonymous_16)
FNDA:2,(anonymous_17)
FNDA:2,(anonymous_18)
DA:2,1
DA:3,1
DA:5,2
DA:6,2
DA:7,2
DA:8,2
DA:9,2
DA:10,1
DA:15,1
DA:19,1
DA:20,1
DA:22,0
DA:26,2
DA:27,2
DA:28,2
DA:29,2
DA:30,2
DA:31,1
DA:36,1
DA:37,1
DA:38,1
DA:39,1
DA:41,0
DA:45,2
DA:46,2
DA:47,2
DA:48,2
DA:49,0
DA:51,2
DA:52,2
DA:53,2
DA:55,0
LF:32
LH:28
BRDA:9,0,0,1
BRDA:9,1,0,2
BRDA:9,1,1,2
BRDA:12,2,0,0
BRDA:12,2,1,1
BRDA:30,3,0,1
BRDA:30,4,0,2
BRDA:30,4,1,2
BRDA:33,5,0,0
BRDA:33,5,1,1
BRDA:48,6,0,0
BRF:11
BRH:8
end_of_record
TN:
SF:src\modules\inventory\repositories\repositories.ts
FN:5,(anonymous_7)
FN:14,(anonymous_9)
FN:21,(anonymous_11)
FN:26,(anonymous_13)
FN:36,(anonymous_15)
FNF:5
FNH:5
FNDA:2,(anonymous_7)
FNDA:1,(anonymous_9)
FNDA:1,(anonymous_11)
FNDA:8,(anonymous_13)
FNDA:1,(anonymous_15)
DA:1,2
DA:2,2
DA:4,2
DA:6,2
DA:8,2
DA:9,2
DA:11,2
DA:15,1
DA:17,1
DA:18,1
DA:22,1
DA:23,1
DA:27,8
DA:28,8
DA:29,8
DA:33,8
DA:37,1
DA:38,1
LF:18
LH:18
BRDA:15,0,0,0
BRDA:15,1,0,1
BRDA:15,1,1,1
BRF:3
BRH:2
end_of_record
TN:
SF:src\modules\inventory\routes\index.ts
FNF:0
FNH:0
DA:1,1
DA:2,1
DA:4,1
DA:6,1
DA:7,1
DA:8,1
DA:10,1
LF:7
LH:7
BRF:0
BRH:0
end_of_record
TN:
SF:src\modules\inventory\services\services.ts
FN:9,(anonymous_7)
FN:9,(anonymous_8)
FN:13,(anonymous_9)
FN:13,(anonymous_10)
FN:17,(anonymous_11)
FN:54,(anonymous_12)
FN:54,(anonymous_13)
FN:63,(anonymous_14)
FN:75,(anonymous_15)
FN:75,(anonymous_16)
FNF:10
FNH:8
FNDA:2,(anonymous_7)
FNDA:2,(anonymous_8)
FNDA:4,(anonymous_9)
FNDA:4,(anonymous_10)
FNDA:0,(anonymous_11)
FNDA:4,(anonymous_12)
FNDA:4,(anonymous_13)
FNDA:0,(anonymous_14)
FNDA:1,(anonymous_15)
FNDA:1,(anonymous_16)
DA:1,2
DA:7,2
DA:9,2
DA:10,2
DA:13,4
DA:14,4
DA:15,4
DA:17,3
DA:18,0
DA:23,3
DA:24,2
DA:25,2
DA:26,2
DA:27,2
DA:28,2
DA:29,2
DA:30,1
DA:31,1
DA:32,1
DA:34,1
DA:35,1
DA:36,1
DA:39,2
DA:40,1
DA:42,2
DA:43,1
DA:46,1
DA:49,1
DA:51,2
DA:54,4
DA:55,4
DA:56,4
DA:57,2
DA:63,2
DA:64,0
DA:69,2
DA:75,2
DA:76,1
DA:77,1
LF:39
LH:37
BRDA:15,0,0,3
BRDA:15,0,1,1
BRDA:23,1,0,2
BRDA:23,1,1,1
BRDA:29,2,0,1
BRDA:29,2,1,1
BRDA:39,3,0,1
BRDA:42,4,0,1
BRDA:42,5,0,2
BRDA:42,5,1,1
BRDA:56,6,0,2
BRF:11
BRH:11
end_of_record
TN:
SF:src\modules\inventory\spec\schemas.ts
FNF:0
FNH:0
DA:1,1
DA:3,1
DA:9,1
DA:16,1
LF:4
LH:4
BRF:0
BRH:0
end_of_record
TN:
SF:src\tests\mockConnection.ts
FN:5,(anonymous_8)
FN:29,(anonymous_10)
FN:33,(anonymous_12)
FN:38,(anonymous_14)
FN:38,(anonymous_15)
FNF:5
FNH:5
FNDA:2,(anonymous_8)
FNDA:2,(anonymous_10)
FNDA:2,(anonymous_12)
FNDA:2,(anonymous_14)
FNDA:2,(anonymous_15)
DA:1,2
DA:2,2
DA:4,2
DA:6,2
DA:7,2
DA:8,2
DA:30,2
DA:34,2
DA:35,2
DA:37,2
DA:38,2
DA:39,2
DA:40,2
DA:46,2
LF:14
LH:14
BRF:0
BRH:0
end_of_record
