TN:
SF:src\entities\inventory.ts
FNF:0
FNH:0
DA:1,2
DA:8,2
DA:10,2
DA:13,2
DA:16,2
DA:19,2
LF:6
LH:6
BRF:0
BRH:0
end_of_record
TN:
SF:src\migrations\1637168916212-CreateInventoryTable.ts
FN:5,(anonymous_7)
FN:35,(anonymous_9)
FNF:2
FNH:0
FNDA:0,(anonymous_7)
FNDA:0,(anonymous_9)
DA:1,2
DA:3,2
DA:6,0
LF:3
LH:2
BRF:0
BRH:0
end_of_record
TN:
SF:src\modules\inventory\controllers\controllers.ts
FN:5,(anonymous_13)
FN:5,(anonymous_14)
FN:23,(anonymous_15)
FN:23,(anonymous_16)
FN:39,(anonymous_17)
FN:39,(anonymous_18)
FNF:6
FNH:6
FNDA:2,(anonymous_13)
FNDA:2,(anonymous_14)
FNDA:2,(anonymous_15)
FNDA:2,(anonymous_16)
FNDA:2,(anonymous_17)
FNDA:2,(anonymous_18)
DA:2,1
DA:3,1
DA:5,2
DA:6,2
DA:7,2
DA:8,2
DA:9,2
DA:10,1
DA:12,1
DA:16,1
DA:17,1
DA:19,0
DA:23,2
DA:24,2
DA:25,2
DA:26,2
DA:27,2
DA:28,1
DA:30,1
DA:31,1
DA:32,1
DA:33,1
DA:35,0
DA:39,2
DA:40,2
DA:41,2
DA:42,2
DA:43,0
DA:45,2
DA:46,2
DA:47,2
DA:49,0
LF:32
LH:28
BRDA:9,0,0,1
BRDA:9,1,0,2
BRDA:9,1,1,2
BRDA:10,2,0,0
BRDA:10,2,1,1
BRDA:27,3,0,1
BRDA:27,4,0,2
BRDA:27,4,1,2
BRDA:28,5,0,0
BRDA:28,5,1,1
BRDA:42,6,0,0
BRF:11
BRH:8
end_of_record
TN:
SF:src\modules\inventory\repositories\repositories.ts
FN:5,(anonymous_7)
FN:15,(anonymous_9)
FN:26,(anonymous_11)
FN:31,(anonymous_13)
FN:39,(anonymous_15)
FNF:5
FNH:5
FNDA:2,(anonymous_7)
FNDA:1,(anonymous_9)
FNDA:1,(anonymous_11)
FNDA:8,(anonymous_13)
FNDA:1,(anonymous_15)
DA:1,2
DA:2,2
DA:4,2
DA:6,2
DA:8,2
DA:9,2
DA:11,2
DA:16,1
DA:18,1
DA:19,1
DA:27,1
DA:28,1
DA:32,8
DA:33,8
DA:34,8
DA:35,8
DA:40,1
DA:41,1
LF:18
LH:18
BRDA:16,0,0,0
BRDA:16,1,0,1
BRDA:16,1,1,1
BRF:3
BRH:2
end_of_record
TN:
SF:src\modules\inventory\routes\index.ts
FNF:0
FNH:0
DA:1,1
DA:2,1
DA:4,1
DA:6,1
DA:7,1
DA:8,1
DA:10,1
LF:7
LH:7
BRF:0
BRH:0
end_of_record
TN:
SF:src\modules\inventory\services\services.ts
FN:9,(anonymous_7)
FN:9,(anonymous_8)
FN:13,(anonymous_9)
FN:13,(anonymous_10)
FN:17,(anonymous_11)
FN:53,(anonymous_12)
FN:53,(anonymous_13)
FN:62,(anonymous_14)
FN:71,(anonymous_15)
FN:71,(anonymous_16)
FNF:10
FNH:8
FNDA:2,(anonymous_7)
FNDA:2,(anonymous_8)
FNDA:4,(anonymous_9)
FNDA:4,(anonymous_10)
FNDA:0,(anonymous_11)
FNDA:4,(anonymous_12)
FNDA:4,(anonymous_13)
FNDA:0,(anonymous_14)
FNDA:1,(anonymous_15)
FNDA:1,(anonymous_16)
DA:1,2
DA:7,2
DA:9,2
DA:10,2
DA:13,4
DA:15,4
DA:16,4
DA:17,3
DA:18,0
DA:23,3
DA:24,2
DA:25,2
DA:26,2
DA:27,2
DA:28,1
DA:29,1
DA:30,1
DA:32,1
DA:33,1
DA:34,1
DA:37,2
DA:38,1
DA:40,2
DA:41,1
DA:44,1
DA:47,1
DA:49,2
DA:53,4
DA:54,4
DA:55,4
DA:56,2
DA:62,2
DA:63,0
DA:68,2
DA:71,2
DA:72,1
DA:73,1
LF:37
LH:35
BRDA:16,0,0,3
BRDA:16,0,1,1
BRDA:23,1,0,2
BRDA:23,1,1,1
BRDA:27,2,0,1
BRDA:27,2,1,1
BRDA:37,3,0,1
BRDA:40,4,0,1
BRDA:40,5,0,2
BRDA:40,5,1,1
BRDA:55,6,0,2
BRF:11
BRH:11
end_of_record
TN:
SF:src\modules\inventory\spec\schemas.ts
FNF:0
FNH:0
DA:1,1
DA:3,1
DA:7,1
DA:12,1
LF:4
LH:4
BRF:0
BRH:0
end_of_record
TN:
SF:src\tests\mockConnection.ts
FN:5,(anonymous_8)
FN:29,(anonymous_10)
FN:33,(anonymous_12)
FN:37,(anonymous_14)
FN:37,(anonymous_15)
FNF:5
FNH:5
FNDA:2,(anonymous_8)
FNDA:2,(anonymous_10)
FNDA:2,(anonymous_12)
FNDA:2,(anonymous_14)
FNDA:2,(anonymous_15)
DA:1,2
DA:2,2
DA:4,2
DA:6,2
DA:7,2
DA:8,2
DA:30,2
DA:34,2
DA:35,2
DA:37,2
DA:38,2
DA:39,2
DA:44,2
LF:13
LH:13
BRF:0
BRH:0
end_of_record
